<?xml version="1.0" encoding="UTF-8"?>
<!-- Generated by org.testng.reporters.JUnitXMLReporter -->
<testsuite hostname="SAFALYA" ignored="0" name="Test" tests="3" failures="0" timestamp="2019-03-03T18:01:01 IST" time="99.942" errors="0">
  <testcase name="goToHomePage" time="36.386" classname="Framework.E2EProject.clickLogin"/>
  <testcase name="goToHomePage" time="46.009" classname="Framework.E2EProject.clickLogin"/>
  <testcase name="verifyTitle" time="0.26" classname="Framework.E2EProject.validateTitle"/>
</testsuite> <!-- Test -->
