<?xml version="1.0" encoding="UTF-8"?>
<!-- Generated by org.testng.reporters.JUnitXMLReporter -->
<testsuite hostname="SAFALYA" name="Test" tests="3" failures="0" timestamp="3 Mar 2019 11:38:57 GMT" time="84.119" errors="0">
  <testcase name="goToHomePage" time="30.113" classname="Framework.E2EProject.clickLogin"/>
  <testcase name="goToHomePage" time="37.054" classname="Framework.E2EProject.clickLogin"/>
  <testcase name="verifyTitle" time="0.145" classname="Framework.E2EProject.validateTitle"/>
</testsuite> <!-- Test -->
